<?xml version="1.0" encoding="UTF-8"?>
<testsuite name="com.example.demo.DemoApplicationTests" tests="1" skipped="0" failures="0" errors="0" timestamp="2023-12-27T02:56:31" hostname="jeongtaeyeon-ui-MacBookPro.local" time="0.706">
  <properties/>
  <testcase name="contextLoads()" classname="com.example.demo.DemoApplicationTests" time="0.706"/>
  <system-out><![CDATA[11:56:28.630 [Test worker] INFO org.springframework.test.context.support.AnnotationConfigContextLoaderUtils -- Could not detect default configuration classes for test class [com.example.demo.DemoApplicationTests]: DemoApplicationTests does not declare any static, non-private, non-final, nested classes annotated with @Configuration.
11:56:28.779 [Test worker] INFO org.springframework.boot.test.context.SpringBootTestContextBootstrapper -- Found @SpringBootConfiguration com.example.demo.DemoApplication for test class com.example.demo.DemoApplicationTests
11:56:28,460 |-INFO in ch.qos.logback.classic.LoggerContext[default] - This is logback-classic version 1.4.11
11:56:28,463 |-INFO in ch.qos.logback.classic.util.ContextInitializer@14e2e1c3 - Here is a list of configurators discovered as a service, by rank: 
11:56:28,464 |-INFO in ch.qos.logback.classic.util.ContextInitializer@14e2e1c3 -   org.springframework.boot.logging.logback.RootLogLevelConfigurator
11:56:28,464 |-INFO in ch.qos.logback.classic.util.ContextInitializer@14e2e1c3 - They will be invoked in order until ExecutionStatus.DO_NOT_INVOKE_NEXT_IF_ANY is returned.
11:56:28,464 |-INFO in ch.qos.logback.classic.util.ContextInitializer@14e2e1c3 - Constructed configurator of type class org.springframework.boot.logging.logback.RootLogLevelConfigurator
11:56:28,476 |-INFO in ch.qos.logback.classic.util.ContextInitializer@14e2e1c3 - org.springframework.boot.logging.logback.RootLogLevelConfigurator.configure() call lasted 0 milliseconds. ExecutionStatus=INVOKE_NEXT_IF_ANY
11:56:28,476 |-INFO in ch.qos.logback.classic.util.ContextInitializer@14e2e1c3 - Trying to configure with ch.qos.logback.classic.joran.SerializedModelConfigurator
11:56:28,477 |-INFO in ch.qos.logback.classic.util.ContextInitializer@14e2e1c3 - Constructed configurator of type class ch.qos.logback.classic.joran.SerializedModelConfigurator
11:56:28,501 |-INFO in ch.qos.logback.classic.LoggerContext[default] - Could NOT find resource [logback-test.scmo]
11:56:28,502 |-INFO in ch.qos.logback.classic.LoggerContext[default] - Could NOT find resource [logback.scmo]
11:56:28,502 |-INFO in ch.qos.logback.classic.util.ContextInitializer@14e2e1c3 - ch.qos.logback.classic.joran.SerializedModelConfigurator.configure() call lasted 25 milliseconds. ExecutionStatus=INVOKE_NEXT_IF_ANY
11:56:28,502 |-INFO in ch.qos.logback.classic.util.ContextInitializer@14e2e1c3 - Trying to configure with ch.qos.logback.classic.util.DefaultJoranConfigurator
11:56:28,502 |-INFO in ch.qos.logback.classic.util.ContextInitializer@14e2e1c3 - Constructed configurator of type class ch.qos.logback.classic.util.DefaultJoranConfigurator
11:56:28,503 |-INFO in ch.qos.logback.classic.LoggerContext[default] - Could NOT find resource [logback-test.xml]
11:56:28,503 |-INFO in ch.qos.logback.classic.LoggerContext[default] - Could NOT find resource [logback.xml]
11:56:28,503 |-INFO in ch.qos.logback.classic.util.ContextInitializer@14e2e1c3 - ch.qos.logback.classic.util.DefaultJoranConfigurator.configure() call lasted 1 milliseconds. ExecutionStatus=INVOKE_NEXT_IF_ANY
11:56:28,503 |-INFO in ch.qos.logback.classic.util.ContextInitializer@14e2e1c3 - Trying to configure with ch.qos.logback.classic.BasicConfigurator
11:56:28,504 |-INFO in ch.qos.logback.classic.util.ContextInitializer@14e2e1c3 - Constructed configurator of type class ch.qos.logback.classic.BasicConfigurator
11:56:28,504 |-INFO in ch.qos.logback.classic.BasicConfigurator@2b4786dd - Setting up default configuration.
11:56:28,522 |-INFO in ch.qos.logback.classic.util.ContextInitializer@14e2e1c3 - ch.qos.logback.classic.BasicConfigurator.configure() call lasted 18 milliseconds. ExecutionStatus=NEUTRAL
11:56:29,200 |-INFO in ch.qos.logback.core.joran.action.ConversionRuleAction - registering conversion word clr with class [org.springframework.boot.logging.logback.ColorConverter]
11:56:29,200 |-INFO in ch.qos.logback.core.joran.action.ConversionRuleAction - registering conversion word wex with class [org.springframework.boot.logging.logback.WhitespaceThrowableProxyConverter]
11:56:29,200 |-INFO in ch.qos.logback.core.joran.action.ConversionRuleAction - registering conversion word wEx with class [org.springframework.boot.logging.logback.ExtendedWhitespaceThrowableProxyConverter]
11:56:29,205 |-INFO in ch.qos.logback.core.joran.util.ConfigurationWatchListUtil@f202d6d - Adding [jar:file:/Users/jeongtaeyeon/.gradle/caches/modules-2/files-2.1/org.springframework.boot/spring-boot/3.1.6/ccea7ba1d8a2d0e46e8115cae5d9002e37c3b742/spring-boot-3.1.6.jar!/org/springframework/boot/logging/logback/file-appender.xml] to configuration watch list.
11:56:29,205 |-INFO in ch.qos.logback.core.joran.spi.ConfigurationWatchList@60e21209 - URL [jar:file:/Users/jeongtaeyeon/.gradle/caches/modules-2/files-2.1/org.springframework.boot/spring-boot/3.1.6/ccea7ba1d8a2d0e46e8115cae5d9002e37c3b742/spring-boot-3.1.6.jar!/org/springframework/boot/logging/logback/file-appender.xml] is not of type file
11:56:29,235 |-INFO in ch.qos.logback.classic.model.processor.ConfigurationModelHandlerFull - Registering a new ReconfigureOnChangeTask ReconfigureOnChangeTask(born:1703645789234)
11:56:29,236 |-INFO in ch.qos.logback.classic.model.processor.ConfigurationModelHandlerFull - Will scan for changes in [file:/Users/jeongtaeyeon/vscode_spring/demo/build/resources/main/logback-spring.xml] 
11:56:29,236 |-INFO in ch.qos.logback.classic.model.processor.ConfigurationModelHandlerFull - Setting ReconfigureOnChangeTask scanning period to 30 seconds
11:56:29,241 |-INFO in ch.qos.logback.core.model.processor.AppenderModelHandler - Processing appender named [CONSOLE]
11:56:29,241 |-INFO in ch.qos.logback.core.model.processor.AppenderModelHandler - About to instantiate appender of type [ch.qos.logback.core.ConsoleAppender]
11:56:29,245 |-INFO in ch.qos.logback.core.model.processor.ImplicitModelHandler - Assuming default type [ch.qos.logback.classic.encoder.PatternLayoutEncoder] for [encoder] property
11:56:29,259 |-WARN in ch.qos.logback.core.model.processor.AppenderModelHandler - Appender named [FILE] not referenced. Skipping further processing.
11:56:29,259 |-INFO in ch.qos.logback.classic.model.processor.LoggerModelHandler - Setting level of logger [org.apache.catalina.startup.DigesterFactory] to ERROR
11:56:29,259 |-INFO in ch.qos.logback.classic.jul.LevelChangePropagator@630d1b2f - Propagating ERROR level on Logger[org.apache.catalina.startup.DigesterFactory] onto the JUL framework
11:56:29,259 |-INFO in ch.qos.logback.classic.model.processor.LoggerModelHandler - Setting level of logger [org.apache.catalina.util.LifecycleBase] to ERROR
11:56:29,259 |-INFO in ch.qos.logback.classic.jul.LevelChangePropagator@630d1b2f - Propagating ERROR level on Logger[org.apache.catalina.util.LifecycleBase] onto the JUL framework
11:56:29,260 |-INFO in ch.qos.logback.classic.model.processor.LoggerModelHandler - Setting level of logger [org.apache.coyote.http11.Http11NioProtocol] to WARN
11:56:29,260 |-INFO in ch.qos.logback.classic.jul.LevelChangePropagator@630d1b2f - Propagating WARN level on Logger[org.apache.coyote.http11.Http11NioProtocol] onto the JUL framework
11:56:29,260 |-INFO in ch.qos.logback.classic.model.processor.LoggerModelHandler - Setting level of logger [org.apache.sshd.common.util.SecurityUtils] to WARN
11:56:29,260 |-INFO in ch.qos.logback.classic.jul.LevelChangePropagator@630d1b2f - Propagating WARN level on Logger[org.apache.sshd.common.util.SecurityUtils] onto the JUL framework
11:56:29,260 |-INFO in ch.qos.logback.classic.model.processor.LoggerModelHandler - Setting level of logger [org.apache.tomcat.util.net.NioSelectorPool] to WARN
11:56:29,260 |-INFO in ch.qos.logback.classic.jul.LevelChangePropagator@630d1b2f - Propagating WARN level on Logger[org.apache.tomcat.util.net.NioSelectorPool] onto the JUL framework
11:56:29,260 |-INFO in ch.qos.logback.classic.model.processor.LoggerModelHandler - Setting level of logger [org.eclipse.jetty.util.component.AbstractLifeCycle] to ERROR
11:56:29,260 |-INFO in ch.qos.logback.classic.jul.LevelChangePropagator@630d1b2f - Propagating ERROR level on Logger[org.eclipse.jetty.util.component.AbstractLifeCycle] onto the JUL framework
11:56:29,260 |-INFO in ch.qos.logback.classic.model.processor.LoggerModelHandler - Setting level of logger [org.hibernate.validator.internal.util.Version] to WARN
11:56:29,260 |-INFO in ch.qos.logback.classic.jul.LevelChangePropagator@630d1b2f - Propagating WARN level on Logger[org.hibernate.validator.internal.util.Version] onto the JUL framework
11:56:29,260 |-INFO in ch.qos.logback.classic.model.processor.LoggerModelHandler - Setting level of logger [org.springframework.boot.actuate.endpoint.jmx] to WARN
11:56:29,260 |-INFO in ch.qos.logback.classic.jul.LevelChangePropagator@630d1b2f - Propagating WARN level on Logger[org.springframework.boot.actuate.endpoint.jmx] onto the JUL framework
11:56:29,260 |-INFO in ch.qos.logback.classic.model.processor.RootLoggerModelHandler - Setting level of ROOT logger to INFO
11:56:29,260 |-INFO in ch.qos.logback.classic.jul.LevelChangePropagator@630d1b2f - Propagating INFO level on Logger[ROOT] onto the JUL framework
11:56:29,260 |-INFO in ch.qos.logback.core.model.processor.AppenderRefModelHandler - Attaching appender named [CONSOLE] to Logger[ROOT]
11:56:29,260 |-INFO in ch.qos.logback.core.model.processor.DefaultProcessor@746b18fd - End of configuration.
11:56:29,261 |-INFO in org.springframework.boot.logging.logback.SpringBootJoranConfigurator@7a2e0858 - Registering current configuration as safe fallback point


  .   ____          _            __ _ _
 /\\ / ___'_ __ _ _(_)_ __  __ _ \ \ \ \
( ( )\___ | '_ | '_| | '_ \/ _` | \ \ \ \
 \\/  ___)| |_)| | | | | || (_| |  ) ) ) )
  '  |____| .__|_| |_|_| |_\__, | / / / /
 =========|_|==============|___/=/_/_/_/
?[32m :: Spring Boot :: ?[39m              ?[2m (v3.1.6)?[0;39m

?[33m2023-12-27 11:56:29.322?[0;39m ?[31m[INFO]?[0;39m ?[35m94258?[0;39m ?[36m[StartupInfoLogger.java : 51]?[0;39m ?[32mStarting DemoApplicationTests using Java 20.0.2 with PID 94258 (started by jeongtaeyeon in /Users/jeongtaeyeon/vscode_spring/demo)?[0;39m
?[33m2023-12-27 11:56:29.324?[0;39m ?[31m[INFO]?[0;39m ?[35m94258?[0;39m ?[36m[SpringApplication.java : 638]?[0;39m ?[32mNo active profile set, falling back to 1 default profile: "default"?[0;39m
?[33m2023-12-27 11:56:29.991?[0;39m ?[31m[WARN]?[0;39m ?[35m94258?[0;39m ?[36m[Logger.java : 44]?[0;39m ?[32mNo MyBatis mapper was found in '[com.example.demo]' package. Please check your configuration.?[0;39m
?[33m2023-12-27 11:56:30.313?[0;39m ?[31m[INFO]?[0;39m ?[35m94258?[0;39m ?[36m[HikariDataSource.java : 79]?[0;39m ?[32moraPool - Starting...?[0;39m
?[33m2023-12-27 11:56:30.809?[0;39m ?[31m[INFO]?[0;39m ?[35m94258?[0;39m ?[36m[HikariPool.java : 554]?[0;39m ?[32moraPool - Added connection oracle.jdbc.driver.T4CConnection@1e98b788?[0;39m
?[33m2023-12-27 11:56:30.810?[0;39m ?[31m[INFO]?[0;39m ?[35m94258?[0;39m ?[36m[HikariDataSource.java : 81]?[0;39m ?[32moraPool - Start completed.?[0;39m
?[33m2023-12-27 11:56:30.812?[0;39m ?[31m[INFO]?[0;39m ?[35m94258?[0;39m ?[36m[DatabaseConfiguration.java : 47]?[0;39m ?[32mdatasource : HikariDataSource (oraPool)?[0;39m
?[33m2023-12-27 11:56:31.420?[0;39m ?[31m[INFO]?[0;39m ?[35m94258?[0;39m ?[36m[StartupInfoLogger.java : 57]?[0;39m ?[32mStarted DemoApplicationTests in 2.503 seconds (process running for 3.895)?[0;39m
]]></system-out>
  <system-err><![CDATA[]]></system-err>
</testsuite>
